{
  "Cucumber Features": {
    "coverage": {
      "/home/jaideng123/bdd-tdd-cycle/rottenpotatoes/app/controllers/application_controller.rb": [
        1,
        1,
        null
      ],
      "/home/jaideng123/bdd-tdd-cycle/rottenpotatoes/app/helpers/application_helper.rb": [
        1,
        null
      ],
      "/home/jaideng123/bdd-tdd-cycle/rottenpotatoes/app/helpers/movies_helper.rb": [
        1,
        null,
        1,
        0,
        null,
        null
      ],
      "/home/jaideng123/bdd-tdd-cycle/rottenpotatoes/app/controllers/movies_controller.rb": [
        1,
        null,
        1,
        4,
        4,
        null,
        null,
        null,
        1,
        15,
        15,
        null,
        3,
        null,
        3,
        null,
        15,
        15,
        null,
        15,
        42,
        null,
        null,
        15,
        2,
        2,
        2,
        null,
        null,
        13,
        3,
        3,
        3,
        3,
        null,
        10,
        null,
        null,
        1,
        null,
        null,
        null,
        1,
        1,
        1,
        1,
        null,
        null,
        1,
        1,
        null,
        null,
        1,
        1,
        1,
        1,
        1,
        null,
        null,
        1,
        1,
        1,
        1,
        1,
        null,
        null,
        1,
        1,
        1,
        1,
        0,
        null,
        null,
        null,
        null
      ],
      "/home/jaideng123/bdd-tdd-cycle/rottenpotatoes/app/models/movie.rb": [
        1,
        null,
        1,
        null,
        1,
        15,
        null,
        1,
        5,
        null,
        null,
        null
      ]
    },
    "timestamp": 1459529077
  },
  "RSpec": {
    "coverage": {
      "/home/jaideng123/bdd-tdd-cycle/rottenpotatoes/app/controllers/application_controller.rb": [
        1,
        1,
        null
      ],
      "/home/jaideng123/bdd-tdd-cycle/rottenpotatoes/app/helpers/application_helper.rb": [
        1,
        null
      ],
      "/home/jaideng123/bdd-tdd-cycle/rottenpotatoes/app/helpers/movies_helper.rb": [
        1,
        null,
        1,
        0,
        null,
        null
      ],
      "/home/jaideng123/bdd-tdd-cycle/rottenpotatoes/app/controllers/movies_controller.rb": [
        1,
        null,
        1,
        0,
        0,
        null,
        null,
        null,
        1,
        1,
        1,
        null,
        0,
        null,
        0,
        null,
        1,
        1,
        null,
        1,
        6,
        null,
        null,
        1,
        0,
        0,
        0,
        null,
        null,
        1,
        0,
        0,
        0,
        0,
        null,
        1,
        null,
        null,
        1,
        null,
        null,
        null,
        1,
        0,
        0,
        0,
        null,
        null,
        1,
        0,
        null,
        null,
        1,
        0,
        0,
        0,
        0,
        null,
        null,
        1,
        0,
        0,
        0,
        0,
        null,
        null,
        1,
        1,
        1,
        1,
        0,
        null,
        null,
        null,
        null
      ],
      "/home/jaideng123/bdd-tdd-cycle/rottenpotatoes/app/models/movie.rb": [
        1,
        null,
        1,
        null,
        1,
        1,
        null,
        1,
        2,
        null,
        null,
        null
      ]
    },
    "timestamp": 1459527821
  }
}
